2026-05-18 15:47:25,206 - ChatMetrics - INFO - Iniciando aplicación ChatMetrics...
2026-05-18 15:47:27,585 - ChatMetrics - INFO - Aplicación iniciada correctamente.
2026-05-18 15:47:40,370 - ChatMetrics - INFO - Controller: Solicitud de carga de archivo iniciada.
2026-05-18 15:47:40,370 - ChatMetrics - INFO - Cargando archivo: C:/Users/will8/Downloads/RHSM_custom_2025-05-19_2026-05-01.xlsx
2026-05-18 15:47:57,550 - ChatMetrics - INFO - Archivo cargado exitosamente. 282230 registros encontrados.
2026-05-18 15:49:06,090 - ChatMetrics - INFO - Controller: Solicitud de procesamiento de datos (2025-11-19 a 2026-04-30).
2026-05-18 15:49:06,090 - ChatMetrics - INFO - Procesando datos desde 2025-11-19 hasta 2026-04-30
2026-05-18 15:49:08,016 - ChatMetrics - INFO - Procesamiento completado. Se generaron 3 cuadros.
2026-05-18 15:49:12,846 - ChatMetrics - INFO - Controller: Solicitud de exportación a C:/Users/will8/Downloads/Reporte_ChatMetrics_20260518_154910.xlsx. Categorías: {'Postgrado': ['PEE', 'PADE', 'CIE', 'MBA', 'PAE'], 'Pregrado': ['Extended Learning', 'Universidad ESAN – DPA']}.
2026-05-18 15:49:12,853 - ChatMetrics - INFO - Iniciando exportación a C:/Users/will8/Downloads/Reporte_ChatMetrics_20260518_154910.xlsx
2026-05-18 15:49:12,882 - ChatMetrics - INFO - Exportación completada exitosamente.
2026-05-18 15:52:12,848 - ChatMetrics - INFO - Iniciando aplicación ChatMetrics...
2026-05-18 15:52:15,283 - ChatMetrics - INFO - Aplicación iniciada correctamente.
2026-05-18 16:01:24,270 - ChatMetrics - INFO - Iniciando aplicación ChatMetrics...
2026-05-18 16:01:25,764 - ChatMetrics - INFO - Aplicación iniciada correctamente.
2026-05-18 16:03:28,168 - ChatMetrics - INFO - Iniciando aplicación ChatMetrics...
2026-05-18 16:03:30,609 - ChatMetrics - INFO - Aplicación iniciada correctamente.
2026-05-18 16:03:42,239 - ChatMetrics - INFO - Controller: Solicitud de carga de archivo iniciada.
2026-05-18 16:03:42,240 - ChatMetrics - INFO - Cargando archivo: C:/Users/will8/Downloads/ME/Tareas/TSK-004v1/RHSM_custom_2025Diego - copia.xlsx
2026-05-18 16:03:59,811 - ChatMetrics - INFO - Archivo cargado exitosamente. 282230 registros encontrados.
2026-05-18 16:04:19,417 - ChatMetrics - INFO - Controller: Solicitud de procesamiento de datos (2025-11-19 a 2026-04-30).
2026-05-18 16:04:19,417 - ChatMetrics - INFO - Procesando datos desde 2025-11-19 hasta 2026-04-30
2026-05-18 16:04:21,327 - ChatMetrics - INFO - Procesamiento completado. Se generaron 3 cuadros.
2026-05-18 16:04:25,587 - ChatMetrics - INFO - Controller: Solicitud de exportación a C:/Users/will8/Downloads/Reporte_ChatMetrics_20260518_160422.xlsx. Categorías: {'Postgrado': ['PEE', 'Maestría (M.)', 'Quicklearning', 'Diplomas', 'PADE', 'CIE', 'MBA', 'PAE'], 'Pregrado': ['Universidad ESAN – Pregrado (5to año)', 'Universidad Esan Pregrado (Egresado)', 'Extended Learning', 'Universidad ESAN – DPA'], 'Otros': ['Sin Categoría']}.
2026-05-18 16:04:25,597 - ChatMetrics - INFO - Iniciando exportación a C:/Users/will8/Downloads/Reporte_ChatMetrics_20260518_160422.xlsx
2026-05-18 16:04:25,657 - ChatMetrics - INFO - Exportación completada exitosamente.
2026-05-18 16:10:10,110 - ChatMetrics - INFO - Iniciando aplicación ChatMetrics...
2026-05-18 16:10:12,429 - ChatMetrics - INFO - Aplicación iniciada correctamente.
2026-05-18 16:17:26,558 - ChatMetrics - INFO - Controller: Solicitud de carga de archivo iniciada.
2026-05-18 16:17:26,558 - ChatMetrics - INFO - Cargando archivo: C:/Users/will8/Downloads/BD/RHSM_custom_2026-01-01_2026-05.xlsx
2026-05-18 16:17:43,044 - ChatMetrics - INFO - Archivo cargado exitosamente. 280319 registros encontrados.
2026-05-18 16:20:16,994 - ChatMetrics - INFO - Controller: Solicitud de carga de archivo iniciada.
2026-05-18 16:20:16,994 - ChatMetrics - INFO - Cargando archivo: C:/Users/will8/Downloads/BD/RHSM_custom_2025-05-19_2026-05-01.xlsx
2026-05-18 16:20:33,745 - ChatMetrics - INFO - Archivo cargado exitosamente. 282230 registros encontrados.
2026-05-18 16:21:16,335 - ChatMetrics - INFO - Controller: Solicitud de procesamiento de datos (2025-11-19 a 2026-04-30).
2026-05-18 16:21:16,336 - ChatMetrics - INFO - Procesando datos desde 2025-11-19 hasta 2026-04-30
2026-05-18 16:21:18,246 - ChatMetrics - INFO - Procesamiento completado. Se generaron 3 cuadros.
2026-05-18 16:21:28,053 - ChatMetrics - INFO - Controller: Solicitud de exportación a C:/Users/will8/Downloads/salida/Reporte_ChatMetrics_20260518_162119.xlsx. Categorías: {'Postgrado': ['Quicklearning', 'Diplomas', 'MBA'], 'Pregrado': ['Extended Learning']}.
2026-05-18 16:21:28,059 - ChatMetrics - INFO - Iniciando exportación a C:/Users/will8/Downloads/salida/Reporte_ChatMetrics_20260518_162119.xlsx
2026-05-18 16:21:28,104 - ChatMetrics - INFO - Exportación completada exitosamente.
2026-05-18 16:22:55,869 - ChatMetrics - INFO - Controller: Solicitud de carga de archivo iniciada.
2026-05-18 16:22:55,869 - ChatMetrics - INFO - Cargando archivo: C:/Users/will8/Downloads/BD/RHSM_custom_2025-05-19_2026-05-01.xlsx
2026-05-18 16:23:12,524 - ChatMetrics - INFO - Archivo cargado exitosamente. 282230 registros encontrados.
2026-05-18 16:23:41,967 - ChatMetrics - INFO - Controller: Solicitud de procesamiento de datos (2026-01-01 a 2026-04-30).
2026-05-18 16:23:41,967 - ChatMetrics - INFO - Procesando datos desde 2026-01-01 hasta 2026-04-30
2026-05-18 16:23:43,820 - ChatMetrics - INFO - Procesamiento completado. Se generaron 3 cuadros.
2026-05-18 16:23:50,852 - ChatMetrics - INFO - Controller: Solicitud de exportación a C:/Users/will8/Downloads/salida/Reporte_ChatMetrics_20260518_162345.xlsx. Categorías: {'Postgrado': ['Quicklearning', 'Diplomas', 'MBA'], 'Pregrado': ['Extended Learning']}.
2026-05-18 16:23:50,858 - ChatMetrics - INFO - Iniciando exportación a C:/Users/will8/Downloads/salida/Reporte_ChatMetrics_20260518_162345.xlsx
2026-05-18 16:23:50,882 - ChatMetrics - INFO - Exportación completada exitosamente.
2026-05-18 16:24:13,909 - ChatMetrics - INFO - Controller: Solicitud de carga de archivo iniciada.
2026-05-18 16:24:13,909 - ChatMetrics - INFO - Cargando archivo: C:/Users/will8/Downloads/BD/RHSM_custom_2026-01-01_2026-05.xlsx
2026-05-18 16:24:30,248 - ChatMetrics - INFO - Archivo cargado exitosamente. 280319 registros encontrados.
2026-05-18 16:24:37,366 - ChatMetrics - INFO - Controller: Solicitud de procesamiento de datos (2026-01-05 a 2026-04-30).
2026-05-18 16:24:37,367 - ChatMetrics - INFO - Procesando datos desde 2026-01-05 hasta 2026-04-30
2026-05-18 16:24:39,207 - ChatMetrics - INFO - Procesamiento completado. Se generaron 3 cuadros.
2026-05-18 16:24:44,544 - ChatMetrics - INFO - Controller: Solicitud de exportación a C:/Users/will8/Downloads/salida/Reporte_ChatMetrics_20260518_162440.xlsx. Categorías: {'Postgrado': ['Quicklearning', 'Diplomas', 'MBA'], 'Pregrado': ['Extended Learning']}.
2026-05-18 16:24:44,550 - ChatMetrics - INFO - Iniciando exportación a C:/Users/will8/Downloads/salida/Reporte_ChatMetrics_20260518_162440.xlsx
2026-05-18 16:24:44,573 - ChatMetrics - INFO - Exportación completada exitosamente.
2026-05-18 16:32:12,934 - ChatMetrics - INFO - Controller: Solicitud de carga de archivo iniciada.
2026-05-18 16:32:12,934 - ChatMetrics - INFO - Cargando archivo: C:/Users/will8/Downloads/BD/RHSM_custom_2025-05-19_2026-05-01.xlsx
2026-05-18 16:32:30,341 - ChatMetrics - INFO - Archivo cargado exitosamente. 282230 registros encontrados.
2026-05-18 16:33:42,998 - ChatMetrics - INFO - Controller: Solicitud de procesamiento de datos (2026-03-01 a 2026-04-30).
2026-05-18 16:33:42,998 - ChatMetrics - INFO - Procesando datos desde 2026-03-01 hasta 2026-04-30
2026-05-18 16:33:44,816 - ChatMetrics - INFO - Procesamiento completado. Se generaron 3 cuadros.
2026-05-18 16:33:51,273 - ChatMetrics - INFO - Controller: Solicitud de exportación a C:/Users/will8/Downloads/salida/Reporte_ChatMetrics_20260518_163347.xlsx. Categorías: {'Postgrado': ['Quicklearning', 'Diplomas', 'CIE'], 'Pregrado': ['Extended Learning'], 'Otros': ['Sin Categoría']}.
2026-05-18 16:33:51,282 - ChatMetrics - INFO - Iniciando exportación a C:/Users/will8/Downloads/salida/Reporte_ChatMetrics_20260518_163347.xlsx
2026-05-18 16:33:51,337 - ChatMetrics - INFO - Exportación completada exitosamente.
2026-05-18 16:37:03,694 - ChatMetrics - INFO - Controller: Solicitud de procesamiento de datos (2026-03-01 a 2026-04-30).
2026-05-18 16:37:03,694 - ChatMetrics - INFO - Procesando datos desde 2026-03-01 hasta 2026-04-30
2026-05-18 16:37:05,469 - ChatMetrics - INFO - Procesamiento completado. Se generaron 3 cuadros.
2026-05-18 16:37:10,844 - ChatMetrics - INFO - Controller: Solicitud de exportación a C:/Users/will8/Downloads/salida/Reporte_ChatMetrics_20260518_163707.xlsx. Categorías: {'Postgrado': ['PEE', 'Maestría (M.)', 'Quicklearning', 'Diplomas', 'PADE', 'CIE', 'MBA', 'PAE'], 'Pregrado': ['Universidad ESAN – Pregrado (5to año)', 'Universidad Esan Pregrado (Egresado)', 'Extended Learning', 'Universidad ESAN – DPA'], 'Otros': ['Sin Categoría']}.
2026-05-18 16:37:10,857 - ChatMetrics - INFO - Iniciando exportación a C:/Users/will8/Downloads/salida/Reporte_ChatMetrics_20260518_163707.xlsx
2026-05-18 16:37:10,925 - ChatMetrics - INFO - Exportación completada exitosamente.
2026-05-19 09:47:33,842 - ChatMetrics - INFO - Iniciando aplicación ChatMetrics...
2026-05-19 09:47:37,186 - ChatMetrics - INFO - Aplicación iniciada correctamente.
2026-05-19 09:49:18,880 - ChatMetrics - INFO - Controller: Solicitud de carga de archivo iniciada.
2026-05-19 09:49:18,880 - ChatMetrics - INFO - Cargando archivo: C:/Users/will8/Downloads/BD/RHSM_custom_2025-05-19_2026-05-01.xlsx
2026-05-19 09:49:35,713 - ChatMetrics - INFO - Archivo cargado exitosamente. 282230 registros encontrados.
2026-05-19 09:50:05,535 - ChatMetrics - INFO - Controller: Solicitud de procesamiento de datos (2026-02-28 a 2026-04-30).
2026-05-19 09:50:05,535 - ChatMetrics - INFO - Procesando datos desde 2026-02-28 hasta 2026-04-30
2026-05-19 09:50:07,251 - ChatMetrics - INFO - Procesamiento completado. Se generaron 3 cuadros.
2026-05-19 09:50:12,879 - ChatMetrics - INFO - Controller: Solicitud de exportación a C:/Users/will8/Downloads/salida/Reporte_ChatMetrics_20260519_095009.xlsx. Categorías: {'Postgrado': ['Quicklearning', 'Diplomas', 'PADE'], 'Pregrado': ['Extended Learning'], 'Otros': ['Sin Categoría']}.
2026-05-19 09:50:12,889 - ChatMetrics - INFO - Iniciando exportación a C:/Users/will8/Downloads/salida/Reporte_ChatMetrics_20260519_095009.xlsx
2026-05-19 09:50:12,939 - ChatMetrics - INFO - Exportación completada exitosamente.
2026-05-19 09:50:42,094 - ChatMetrics - INFO - Controller: Solicitud de procesamiento de datos (2025-05-19 a 2026-04-30).
2026-05-19 09:50:42,095 - ChatMetrics - INFO - Procesando datos desde 2025-05-19 hasta 2026-04-30
2026-05-19 09:50:43,934 - ChatMetrics - INFO - Procesamiento completado. Se generaron 3 cuadros.
2026-05-19 09:50:49,021 - ChatMetrics - INFO - Controller: Solicitud de exportación a C:/Users/will8/Downloads/salida/Reporte_ChatMetrics_20260519_095045.xlsx. Categorías: {'Postgrado': ['PEE', 'Maestría (M.)', 'Quicklearning', 'Diplomas', 'PADE', 'CIE', 'MBA', 'PAE'], 'Pregrado': ['Universidad ESAN – Pregrado (5to año)', 'Universidad Esan Pregrado (Egresado)', 'Extended Learning', 'Universidad ESAN – DPA'], 'Otros': ['Sin Categoría']}.
2026-05-19 09:50:49,029 - ChatMetrics - INFO - Iniciando exportación a C:/Users/will8/Downloads/salida/Reporte_ChatMetrics_20260519_095045.xlsx
2026-05-19 09:50:49,090 - ChatMetrics - INFO - Exportación completada exitosamente.
